<!-- Do not change the order of any strings in here, without discussing first on the "Issues" page -->
<!-- Do not delete any blank lines -->
<resources>
<string name="app_name">Mausam Vigyan</string>
<!-- Main activity titles -->
<string name="action_search">অনুসন্ধান</string>
<string name="action_refresh">রিফ্রেশ</string>
<string name="action_settings">সেটিংস</string>
<string name="action_about">আমাদের সম্পর্কে</string>
<string name="search_title">জায়গা খুঁজুন (ইংরেজিতে লিখুন)</string>
<string name="downloading_data">এটি লোড হচ্ছে …</string>
<string name="getting_location">আপনার অবস্থান অনুসন্ধান করা হচ্ছে …</string>
<string name="loading_data">লোড হচ্ছে…</string>

<!-- Forecast cards -->
<string name="today">আজ</string>
<string name="tomorrow">আগামীকাল</string>
<string name="later">আসন্ন দিন</string>

<!-- Main activity headings -->
<string name="wind">বায়ু</string>
<string name="wind_speed">বাতাসের গতি</string>
<string name="pressure">চাপ</string>
<string name="humidity">আর্দ্রতা</string>
<string name="sunrise">সূর্যোদয়</string>
<string name="sunset">সূর্যাস্ত</string>
<string name="uvindex">UV সূচক</string>
<string name="tap_for_graphs">গ্রাফের জন্য আলতো চাপুন</string>

<!-- Settings/Units -->
<string name="settings_title_units">পরিমাপ ইউনিট</string>
<string name="setting_lengthUnits">দৈর্ঘ্য ইউনিট</string>
<string name="setting_speedUnits">গতির ইউনিট</string>
<string name="setting_tempUnits">হিটিং ইউনিট</string>
<string name="setting_showTempAsInteger">শুধুমাত্র পূর্ণসংখ্যা হিসাবে তাপমাত্রা দেখান</string>
<string name="setting_pressureUnits">চাপ ইউনিট</string>
<string name="setting_auto_detect_location">স্বয়ং সনাক্তকরণ অবস্থান</string>
<string name="setting_differentiateDaysByTint">রঙ দ্বারা দিন পার্থক্য</string>






<string name="uvi_no_info">কোন তথ্য</string>
<string name="uvi_low">কম</string>
<string name="uvi_moderate">মধ্যম</string>
<string name="uvi_high">উচ্চ</string>
<string name="uvi_very_high">বেশ উচ্চ</string>
<string name="uvi_extreme">চরম</string>

<!-- Settings/Appearance -->

<string name="wind_direction_format_none">কিছুই না</string>
<string name="wind_direction_format_arrows">তীর</string>
<string name="wind_direction_format_abbreviations">সংক্ষিপ্ত নাম</string>
<string name="setting_displayDecimalZeroes">দশমিক শূন্য প্রদর্শন করুন</string>

<!-- Settings/Data -->
<string name="last_update">সর্বশেষ আপডেট:
%s</string>
<string name="last_update_widget">
সর্বশেষ আপডেট: %s</string>
<string name="settings_title_data">ডেটা</string>
<string name="setting_refreshInterval">ব্যাকগ্রাউন্ড रরিফ্রেশ হার</string>
<string name="settings_none">কিছুই না</string>
<string name="settings_15min">15 মিনিট</string>
<string name="settings_30min">30 মিনিট</string>
<string name="settings_1hour">1 ঘণ্টা</string>
<string name="settings_2hour">2 ঘণ্টা</string>
<string name="settings_6hour">6 ঘণ্টা</string>
<string name="settings_12hour">12 ঘণ্টা</string>
<string name="settings_24hour">24 ঘণ্টা</string>
<string name="setting_apiKey">API key</string>
<string name="setting_apiKey_summary">Custom API key for OpenWeatherMap queries</string>

<!-- Settings/Date format -->
<string name="error_dateFormat">তারিখ বিন্যাস ত্রুটি</string>
<string name="setting_dateFormat">তারিখ ফর্ম্যাট</string>
<string name="setting_dateFormatCustom">পছন্দসই তারিখের ফর্ম্যাট</string>
<string name="setting_dateFormatCustom_summary">পছন্দসই তারিখের বিন্যাসের সিরিজ লিখুন</string>
<string name="dialog_ok">OK</string>
<string name="dialog_cancel">Cancel</string>

<!-- Settings/Notification -->
<string name="notification_service_description">আবহাওয়ার পূর্বাভাস নোটিফিকেশন পরিষেবা</string>
<string name="channel_name">আবহাওয়ার নোটিফিকেশন</string>
<string name="no_data">কোন ডেটা</string>
<string name="settings_title_notifications">নোটিফিকেশন</string>
<string name="settings_enable_notification_title">বিজ্ঞপ্তিগুলিতে আবহাওয়া প্রদর্শন করুন</string>
<string name="settings_notification_type_title">নোটিফিকেশন ধরণ</string>
<string name="settings_notification_type_default">ডিফল্ট অ্যান্ড্রয়েড</string>
<string name="settings_notification_type_simple">সহজ নোটিফিকেশন</string>

<!-- Errors -->

<!-- Wind direction -->

<!-- Wind strength - Beaufort -->
<string name="beaufort_calm">শান্ত (0)</string>
<string name="beaufort_light_air">হালকা হাওয়া (1)</string>
<string name="beaufort_light_breeze">হালকা হাওয়া (2)</string>
<string name="beaufort_gentle_breeze">মৃদু হাওয়া (3)</string>
<string name="beaufort_moderate_breeze">মাঝারি বাতাস (4)</string>
<string name="beaufort_fresh_breeze">খোলা বাতাস (5)</string>
<string name="beaufort_strong_breeze">প্রবল বাতাস (6)</string>
<string name="beaufort_high_wind">তীব্র বাতাস (7)</string>
<string name="beaufort_gale">ঝড় (8)</string>
<string name="beaufort_strong_gale">প্রবল ঝড় (9)</string>
<string name="beaufort_storm">তুফান (10)</string>
<string name="beaufort_violent_storm">হিংসাত্মক ঝড় (11)</string>
<string name="beaufort_hurricane">তীব্র ঝড়ের (12)</string>

<!-- Location -->
<string name="settings_title_location">লোকেশন</string>
<string name="setting_update_location_automatically">পটভূমিতে অবস্থান আপডেট করুন</string>
<string name="location_settings">লোকেশন সেটিং</string>
<string name="location_settings_message">লোক্যাশনা বন্ধ। আপনি সেটিংসে গিয়ে শুরু করবেন?</string>
<string name="location_settings_button">সেটিং</string>
<string name="location_search_heading">লোকেশন</string>

<!-- Map -->
<string name="action_weather_map">মৌসুমী মানচিত্র</string>
<string name="rain">বৃষ্টি</string>
<string name="temperature">তাপমাত্রা</string>
<string name="clouds">মেঘ</string>

<!-- Graphs -->
<string name="action_graphs">গ্রাফ</string>
<string name="graphs_more_days">আরও দিন</string>

<!-- About dialogue -->
<string name="about_unknown">Could not get version name</string>
<string name="about_description">मैं गरीब हूँ.</string>
<string name="about_developers">Developed by <a href='mailto:t.martykan@gmail.com'>Tomáš Martykán</a> and <a href='https://github.com/martykan/Mausam Vigyan/graphs/contributors'>others</a>, with assistance from <a href='https://github.com/martykan/Mausam Vigyan/issues?utf8=✓;q=is%3Aissue'>many more</a>.</string>
<string name="about_src">Code is available at <a href='https://github.com/martykan/Mausam Vigyan'>Github</a>.</string>
<string name="about_issues">Bugs and enhancements can be posted on our <a href='https://github.com/martykan/Mausam Vigyan/issues'>Github issues page</a>.</string>
<string name="about_data">Data provided by <a href='https://openweathermap.org/'>OpenWeatherMap</a>, under the <a href='http://creativecommons.org/licenses/by-sa/2.0/'>Creative Commons CC-BY-SA 2.0 licence</a>.</string>
<string name="about_icons">Icons are <a href='https://erikflowers.github.io/weather-icons/'>Weather Icons</a>, by <a href='http://www.twitter.com/artill'>Lukas Bischoff</a> and <a href='http://www.twitter.com/Erik_UX'>Erik Flowers</a>, under the <a href='http://scripts.sil.org/OFL'>SIL OFL 1.1</a> licence.</string>

<!-- Widget -->
<string name="widget_label_extensive">মোট</string>
<string name="widget_label_time">সময়ের সাথে সাথে</string>
<string name="widget_label_simple">ছোট চর্বি</string>
<string name="widget_label_classic">সহজ</string>
</resources>
