<!-- Do not change the order of any strings in here, without discussing first on the "Issues" page -->
<!-- Do not delete any blank lines -->
<resources>
<string name="app_name">Mausam Vigyan</string>
<!-- Main activity titles -->
<string name="action_search">Suche</string>
<string name="action_refresh">Aktualisieren</string>
<string name="action_settings">Einstellungen</string>
<string name="action_about">Über die App</string>
<string name="search_title">Stadt suchen</string>
<string name="downloading_data">Lade Daten herunter...</string>
<string name="getting_location">Suche Standort...</string>
<string name="loading_data">Laden...</string>

<!-- Forecast cards -->
<string name="today">Heute</string>
<string name="tomorrow">Morgen</string>
<string name="later">Später</string>

<!-- Main activity headings -->
<string name="wind">Wind</string>
<string name="wind_speed">Windgeschwindigkeit</string>
<string name="pressure">Luftdruck</string>
<string name="humidity">Luftfeuchtigkeit</string>
<string name="sunrise">Sonnenaufgang</string>
<string name="sunset">Sonnenuntergang</string>
<string name="uvindex">UV-Index</string>
<string name="tap_for_graphs">Für Diagramme antippen</string>

<!-- Settings/Units -->
<string name="settings_title_units">Einheiten</string>
<string name="setting_lengthUnits">Längeneinheit</string>
<string name="setting_speedUnits">Geschwindigkeitseinheit</string>
<string name="setting_tempUnits">Temperatureinheit</string>
<string name="setting_showTempAsInteger">Temperatur nur als Ganzzahl anzeigen</string>
<string name="setting_pressureUnits">Maßeinheit Druck</string>
<string name="setting_auto_detect_location">Standort feststellen</string>
<string name="setting_differentiateDaysByTint">Farbliche Unterscheidung der Tage</string>

<string name="setting_unit_mps">Meter pro Sekunde (m/s)</string>
<string name="setting_unit_kph">Kilometer pro Stunde (km/h)</string>
<string name="setting_unit_mph">Meilen pro Stunde (mph)</string>
<string name="setting_unit_bft">Beaufortskala (bft)</string>
<string name="setting_unit_kn">Knoten (kn)</string>
<string name="setting_unit_Celsuis">Celsius</string>
<string name="setting_unit_Fahrenheit">Fahrenheit</string>
<string name="setting_unit_Kelvin">Kelvin</string>

<string name="setting_unit_mm">Millimeter (mm)</string>
<string name="setting_unit_in">Zoll (in)</string>

<string name="setting_unit_hpa">hPa</string>
<string name="setting_unit_kpa">kPa</string>
<string name="setting_unit_mmhg">mmHg</string>
<string name="setting_unit_inhg">inHg</string>

<string name="speed_unit_mps">m/s</string>
<string name="speed_unit_kph">km/h</string>
<string name="speed_unit_mph">mph</string>
<string name="speed_unit_kn">kn</string>

<string name="pressure_unit_hpa">hPa</string>
<string name="pressure_unit_kpa">kPa</string>
<string name="pressure_unit_mmhg">mmHg</string>

<string name="uvi_no_info">Keine Daten</string>
<string name="uvi_low">Niedrig</string>
<string name="uvi_moderate">Mäßig</string>
<string name="uvi_high">Hoch</string>
<string name="uvi_very_high">Sehr hoch</string>
<string name="uvi_extreme">Extrem</string>

<!-- Settings/Appearance -->
<string name="settings_title_display">Anzeige</string>
<string name="setting_theme">Design</string>
<string name="setting_transparent_widget">Widget transparent darstellen</string>
<string name="setting_wind_direction_format">Windrichtungsformat</string>
<string name="setting_theme_fresh">Frisch</string>
<string name="setting_theme_classic">Klassisch</string>
<string name="setting_theme_dark">Frisch Dunkel</string>
<string name="setting_theme_classic_dark">Klassisch Dunkel</string>
<string name="setting_theme_black">Frisch Schwarz</string>
<string name="setting_theme_classic_black">Klassisch Schwarz</string>

<string name="wind_direction_format_none">Keine Angabe</string>
<string name="wind_direction_format_arrows">Pfeile</string>
<string name="wind_direction_format_abbreviations">Abkürzungen</string>
<string name="setting_displayDecimalZeroes">Zeige Null nach Komma</string>

<!-- Settings/Data -->
<string name="last_update">Zuletzt aktualisiert:
 %s</string>
<string name="last_update_widget">
Zuletzt aktualisiert: %s</string>
<string name="settings_title_data">Daten</string>
<string name="setting_refreshInterval">Aktualisierungsintervall im Hintergrund</string>
<string name="settings_none">Keins</string>
<string name="settings_15min">15 Minuten</string>
<string name="settings_30min">30 Minuten</string>
<string name="settings_1hour">1 Stunde</string>
<string name="settings_2hour">2 Stunden</string>
<string name="settings_6hour">6 Stunden</string>
<string name="settings_12hour">12 Stunden</string>
<string name="settings_24hour">24 Stunden</string>
<string name="setting_apiKey">API-Schlüssel</string>
<string name="setting_apiKey_summary">Eigener API-Schlüssel für Anfragen an OpenWeatherMap</string>

<!-- Settings/Date format -->
<string name="error_dateFormat">FEHLERHAFTES DATUMSFORMAT</string>
<string name="setting_dateFormat">Datumsformat</string>
<string name="setting_dateFormatCustom">Eigenes Datumsformat</string>
<string name="setting_dateFormatCustom_summary">Eigene Zeichenkette für SimpleDateFormat bereitstellen</string>
<string name="dialog_ok">OK</string>
<string name="dialog_cancel">Abbrechen</string>

<!-- Settings/Notification -->
